KNOWN — undressed (2,2) all-real clique (expect clean J^2=+1):
(2,2) clique0: dim(B)=1
    [+sqrt5] intertwine_resid=0.0 J^2 = ((1.0 + 0.0j)).I  scalar_resid=0.0
    [-sqrt5] intertwine_resid=0.0 J^2 = ((1.0 + 0.0j)).I  scalar_resid=0.0

i-DRESSED (1,3) clique (dress first +sqrt5 gamma by i):
(1,3) dressed: dim(B)=1
    [+sqrt5] intertwine_resid=1.18e-40 J^2 = ((-0.4472136 + 0.0j)).I  scalar_resid=0.0
    [-sqrt5] intertwine_resid=1.18e-40 J^2 = ((0.4472136 + 0.0j)).I  scalar_resid=0.0

All six cliques, i-dressed first +sqrt5 gamma:
clique0: dim(B)=1
    [+sqrt5] intertwine_resid=1.18e-40 J^2 = ((-0.4472136 + 0.0j)).I  scalar_resid=0.0
    [-sqrt5] intertwine_resid=1.18e-40 J^2 = ((0.4472136 + 0.0j)).I  scalar_resid=0.0
clique1: dim(B)=1
    [+sqrt5] intertwine_resid=1.18e-40 J^2 = ((-0.4472136 + 0.0j)).I  scalar_resid=0.0
    [-sqrt5] intertwine_resid=1.18e-40 J^2 = ((0.4472136 + 0.0j)).I  scalar_resid=0.0
clique2: dim(B)=1
    [+sqrt5] intertwine_resid=1.18e-40 J^2 = ((-0.4472136 + 0.0j)).I  scalar_resid=0.0
    [-sqrt5] intertwine_resid=1.18e-40 J^2 = ((0.4472136 + 0.0j)).I  scalar_resid=0.0
clique3: dim(B)=1
    [+sqrt5] intertwine_resid=1.18e-40 J^2 = ((-0.4472136 + 0.0j)).I  scalar_resid=0.0
    [-sqrt5] intertwine_resid=1.18e-40 J^2 = ((0.4472136 + 0.0j)).I  scalar_resid=0.0
clique4: dim(B)=1
    [+sqrt5] intertwine_resid=1.18e-40 J^2 = ((-0.4472136 + 0.0j)).I  scalar_resid=0.0
    [-sqrt5] intertwine_resid=1.18e-40 J^2 = ((0.4472136 + 0.0j)).I  scalar_resid=0.0
clique5: dim(B)=1
    [+sqrt5] intertwine_resid=1.18e-40 J^2 = ((-0.4472136 + 0.0j)).I  scalar_resid=0.0
    [-sqrt5] intertwine_resid=1.18e-40 J^2 = ((0.4472136 + 0.0j)).I  scalar_resid=0.0
