KNOWN CASE — undressed (2,2) all-real clique (expect J^2=+1, split):
(2,2) clique0: signs=[1, -1, 1, -1] dim(B)=1 constraint_ok=True commute_ok=True Jsq_consistent=True
    J^2 = (1)*I4 ;  at real places (+sqrt5, -sqrt5) = (1.00000000000000, 1.00000000000000)  =>  J^2=+1 (split/real)

i-DRESSED (1,3) cliques (dress one +sqrt5 gamma by i):
(1,3) dress gamma#0 by +i: signs=[-1, -1, 1, -1] dim(B)=1 constraint_ok=True commute_ok=True Jsq_consistent=False
    J^2 = (1/5)*I4 ;  at real places (+sqrt5, -sqrt5) = (0.200000000000000, 0.200000000000000)  =>  J^2=+1 (split/real)
(1,3) dress gamma#0 by -i: signs=[-1, -1, 1, -1] dim(B)=1 constraint_ok=True commute_ok=True Jsq_consistent=False
    J^2 = (1/5)*I4 ;  at real places (+sqrt5, -sqrt5) = (0.200000000000000, 0.200000000000000)  =>  J^2=+1 (split/real)
(1,3) dress gamma#2 by +i: signs=[1, -1, -1, -1] dim(B)=1 constraint_ok=True commute_ok=True Jsq_consistent=False
    J^2 = (1/5)*I4 ;  at real places (+sqrt5, -sqrt5) = (0.200000000000000, 0.200000000000000)  =>  J^2=+1 (split/real)
(1,3) dress gamma#2 by -i: signs=[1, -1, -1, -1] dim(B)=1 constraint_ok=True commute_ok=True Jsq_consistent=False
    J^2 = (1/5)*I4 ;  at real places (+sqrt5, -sqrt5) = (0.200000000000000, 0.200000000000000)  =>  J^2=+1 (split/real)

ALT — dress a -sqrt5 gamma by i instead (gives (3,1)-type):
dress -sqrt5 gamma#1 by +i: signs=[1, 1, 1, -1] dim(B)=1 constraint_ok=True commute_ok=True Jsq_consistent=False
    J^2 = (1/5)*I4 ;  at real places (+sqrt5, -sqrt5) = (0.200000000000000, 0.200000000000000)  =>  J^2=+1 (split/real)

sigma-IMAGE of the standard i-dressed (1,3) clique (should be (3,1)):
sigma((1,3)): signs=[1, 1, -1, 1] dim(B)=1 constraint_ok=True commute_ok=True Jsq_consistent=False
    J^2 = (1/5)*I4 ;  at real places (+sqrt5, -sqrt5) = (0.200000000000000, 0.200000000000000)  =>  J^2=+1 (split/real)

OTHER CLIQUES (i-dressed first +sqrt5 gamma):
(1,3) clique1: signs=[-1, -1, 1, -1] dim(B)=1 constraint_ok=True commute_ok=True Jsq_consistent=False
    J^2 = (1/5)*I4 ;  at real places (+sqrt5, -sqrt5) = (0.200000000000000, 0.200000000000000)  =>  J^2=+1 (split/real)
(1,3) clique2: signs=[-1, -1, -1, 1] dim(B)=1 constraint_ok=True commute_ok=True Jsq_consistent=False
    J^2 = (1/5)*I4 ;  at real places (+sqrt5, -sqrt5) = (0.200000000000000, 0.200000000000000)  =>  J^2=+1 (split/real)
(1,3) clique3: signs=[-1, -1, 1, -1] dim(B)=1 constraint_ok=True commute_ok=True Jsq_consistent=False
    J^2 = (1/5)*I4 ;  at real places (+sqrt5, -sqrt5) = (0.200000000000000, 0.200000000000000)  =>  J^2=+1 (split/real)
(1,3) clique4: signs=[-1, -1, 1, -1] dim(B)=1 constraint_ok=True commute_ok=True Jsq_consistent=False
    J^2 = (1/5)*I4 ;  at real places (+sqrt5, -sqrt5) = (0.200000000000000, 0.200000000000000)  =>  J^2=+1 (split/real)
(1,3) clique5: signs=[-1, -1, 1, -1] dim(B)=1 constraint_ok=True commute_ok=True Jsq_consistent=False
    J^2 = (1/5)*I4 ;  at real places (+sqrt5, -sqrt5) = (0.200000000000000, 0.200000000000000)  =>  J^2=+1 (split/real)
