========================================================================
BENCH F9 -- is the golden Dirac construction golden at all?
========================================================================

[F9a -- THE CONNECTION CHECK]
[PASS] F9a.1 gamma squares (Scout F1): Gs^2=+sqrt5 I [True], Ga^2=-sqrt5 I [True]; (Gs+Ga)^2=0 [True] -> <sqrt5,-sqrt5> is the hyperbolic plane over K
[PASS] F9a.1b change of basis over K -> <1,-1>: M = (sqrt(5)/10 + 1/2, 1/2 - sqrt(5)/10, 1/2 - sqrt(5)/10, sqrt(5)/10 + 1/2); M^T diag(sqrt5,-sqrt5) M = diag(1,-1) [True]; M is NON-diagonal [mixes d0/d1 = True] -> removing sqrt5 MIXES the two derivative directions (a K-linear boost/rotation of t,x), NOT a benign separate rescaling (Scout's caveat)
[PASS] F9a.1c Clifford algebra = split M2(K): omega=Gs Ga=sqrt5 Z [True], omega^2=5*I; dim algebra = 4 -> Cl = split M2(K) (identical to standard (1,1); NOT a division algebra)
[PASS] F9a.2a centralizer of the gammas: X commuting with Gs and Ga: dim=1, X = lambda*I [True] -> the ONLY things commuting with the gammas are scalars; no nontrivial group (let alone 2I) respects them by centralizing
[PASS] F9a.2b Spin(1,1) is abelian; 2I is not: SO(1,1)={diag(t,1/t)} abelian [True]; 2I non-abelian order 120 -> 2I does NOT embed in the Spin group of the 191 Clifford form. (Contrast 2I in SU(2)=Spin(3), a COMPACT rotation group of a (3,0) form -- a different signature entirely.)
[INFO] F9a.2c roots of unity in K(i): primitive n-th roots of unity present in K(i)=Q(sqrt5,i) for n in [1, 2, 4] -> mu order = 4 (just {+-1,+-i}); 120 >> 4 and non-cyclic -> no 2I
[INFO] F9a VERDICT: K-DISCONNECT: the sqrt5 in the 191 gamma ENTRIES is a removable (1,1)-hyperbolic artefact (Cl = split M2(K) ~ standard (1,1)); the Clifford/Spin group is abelian and its finite subgroups are just +-1,+-i; the centralizer of the gammas is scalars. 2I (order 120, non-abelian, a subgroup of the COMPACT SU(2)=Spin(3)) does NOT embed, act on the spinor space respecting the gammas, or permute them. The gammas were written down with a sqrt5 in the entries and carry NO icosahedral content. 2I's OWN golden structure (F9c) lives in its character field, a SEPARATE object. => the F1-F8 arc was a real-quadratic (1,1) Dirac theory; every 'real-quadratic-generic' finding was this diagnosis. ESCALATE.

>>> F9a = K-DISCONNECT. ESCALATE. (Running F9b -- about the CONSTRUCTION -- and the
>>> cheap 2I-side checks F9c/F9d by judgement, as they SHARPEN the disconnect. Said so.)

[F9b -- does tau deliver what sigma did not?]
[PASS] F9b.1 phase of the tau-adjoint: (tau(e^{i a}psi))^T K2 = e^{-i a}(tau psi)^T K2 [True] -> U(1) is a symmetry (sigma gave e^{+i a} -> none)
[PASS] F9b conservation (tau-adjoint) [sigma-even m in K]: psibar=(tau psi)^T K2; mass residual after solving current = 0 -> conserved [True]
[PASS] F9b conservation (tau-adjoint) [sigma-odd m=5^(1/4)mu]: psibar=(tau psi)^T K2; mass residual after solving current = 0 -> conserved [True]
[PASS] F9b.3 hermitian positivity: K2 Gs = diag(sqrt5,1), both entries > 0 [True] -> (tau psi)^T K2 Gs psi = psi^dagger diag(sqrt5,1) psi >= 0, a genuine positive-definite Dirac inner product
[INFO] F9b.4 signature u+ (tau): (tau u+)^T K2 Gs u+ = 2*sqrt(5)*k**2 + 2*k*sqrt(5*k**2 + 5*mu**2) + mu**2 + sqrt(5)*mu**2 (real, positive) -> positive-definite norm; the +/- split is carried by the conserved CHARGE (Noether U(1)), not by an indefinite norm
[INFO] F9b.4 signature u- (tau): (tau u-)^T K2 Gs u- = 2*sqrt(5)*k**2 - 2*k*sqrt(5*k**2 + 5*mu**2) + mu**2 + sqrt(5)*mu**2 (real, positive) -> positive-definite norm; the +/- split is carried by the conserved CHARGE (Noether U(1)), not by an indefinite norm
[INFO] F9b VERDICT: TAU DELIVERS: conserved U(1) charge [even-mass True, odd-mass True], positive-definite hermitian pairing, real norms -> a healthy Dirac theory with C = tau (complex conjugation). This RESOLVES F8's escalation: the charge conjugation is tau, not sigma. tau(m)=m so BOTH mass parities conserve. (Statement about the CONSTRUCTION; run even though F9a=DISCONNECT.)

[F9c -- the bipartition of 2I=SL(2,5)]
[PASS] F9c.1 even/odd dims: EVEN ['1', '3', "3'", '4', '5'] Sigma d^2=60; ODD ['2', "2'", "4'", '6'] Sigma d^2=60; total 120=|2I|
[PASS] F9c.2 affine E8 marks: marks [1, 2, 3, 4, 5, 6, 4, 2, 3] sum = 30 (= h, the Coxeter number of E8) -> McKay(2I) = affine E8
[PASS] F9c.3 sigma swaps 2<->2', 3<->3': chi_2 on 5-fold: 2cos(72deg)=-1/2 + sqrt(5)/2, 2cos(144deg)=-sqrt(5)/2 - 1/2, sigma swaps [True]; chi_3 on 5-cycle: phi=1/2 + sqrt(5)/2, 1-phi, sigma swaps [True] -> 2I is GENUINELY golden IN ITS CHARACTER FIELD (a non-removable invariant), unlike the 191 gamma entries

[F9d -- the SU(2) objection: sigma = P is DEAD]
[PASS] F9d.1 SU(2) 2 is pseudoreal (2 = 2-bar): eps g eps^-1 = conj(g) for g in SU(2) [True] -> the doublet is self-conjugate; (1/2,0)|SU(2) = 2, (0,1/2)|SU(2) = 2-bar = 2 -- the SAME irrep
[PASS] F9d.2 2 and 2' are NOT chiralities: since (1/2,0) and (0,1/2) restrict to the same SU(2) irrep and 2I subset SU(2) is a ROTATION group, no rep-theoretic fact about 2I separates left from right -> 2,2' are the two inequivalent 2I->SU(2) embeddings (pentagon/pentagram, 5-fold 72deg vs 144deg, swapped by the A5 outer automorphism = sigma on characters, F9c.3) -- NOT chiralities
[INFO] F9d.3 sigma is not parity on the 191 spinor space: the 191 spinor space carries the split (1,1) Clifford algebra (F9a), not a 2I action; 2,2' are embeddings not chiralities (F9d.2); so sigma = P is DEAD -- sigma implements neither parity nor chirality on the 191 spinors. (Fizz proposed sigma=P this morning and killed it by lunch; confirmed.)

========================================================================
F9a = K-DISCONNECT (ESCALATE); F9b = tau delivers; F9c = 2I golden in its character field; F9d = sigma=P dead
========================================================================
