========================================================================
BENCH F8 -- Brick 4 re-posed on K2 (conservation, K4 signature, ev1-unitarity)
========================================================================

[§3 F8a -- conservation on K2 (the gate)]
[FAIL] F8a conservation [K2 (sigma-odd mass, the axiom)]: current B solved from derivative terms; mass residual = 5**(1/4)*mu*(c0*c3*(1 - I) - c1*c2*(1 + I)) -> conserved [False]
     conservation 2x2 (pairing x mass parity), current solved each cell:
        [K2  | m2-odd  ] conserved = False   (mass residual = 5**(1/4)*mu*(c0*c3*(1 - I) - c1*c2*(1 + I)))
        [K2  | m2-even ] conserved = False   (mass residual = -2*c1*c2*mu)
        [A0  | m2-odd  ] conserved = False   (mass residual = -5**(3/4)*c0*c2*mu - 5**(3/4)*I*c0*c2*mu + 5**(1/4)*c1*c3*mu - 5**(1/4)*I*c1*c3*mu)
        [A0  | m2-even ] conserved = False   (mass residual = -2*sqrt(5)*c0*c2*mu)
[INFO] F8a diagnostic (pairing x mass parity): conserved table = {('K2', 'm2-odd'): False, ('K2', 'm2-even'): False, ('A0', 'm2-odd'): False, ('A0', 'm2-even'): False}

     conservation on the physical tau-locus (axiom vs construction):
[FAIL] F8a on tau-locus [sigma-EVEN (m in K)]: tau-constrained solutions, mass sigma-EVEN (m in K); mass residual after solving current = 2*mu*(-a2*a3 - sqrt(5)*I*a2*b3 + sqrt(5)*I*a3*b2 - 5*b2*b3) -> conserved [False]
[FAIL] F8a on tau-locus [sigma-ODD (m = 5^(1/4) mu, the axiom)]: tau-constrained solutions, mass sigma-ODD (m = 5^(1/4) mu, the axiom); mass residual after solving current = 5**(1/4)*mu*(a1*a4*(1 - I) + sqrt(5)*a1*b4*(1 + I) - a2*a3*(1 + I) + sqrt(5)*a2*b3*(1 - I) + sqrt(5)*a3*b2*(-1 + I) - sqrt(5)*a4*b1*(1 + I) + 5*b1*b4*(1 - I) - 5*b2*b3*(1 + I)) -> conserved [False]

[F8 structural root]
[INFO] F8 root (1): sigma-odd mass forces m not in K: m = 5^(1/4) mu; minimal polynomial over Q = x**4 - 5 (degree 4 > 2) -> m NOT in K=Q(sqrt5) [True]. Cliff's axiom M^2 sigma-even + dispersion M^2=m^2 s^2/sqrt5 => m^2=sqrt5 mu^2 => m irrational-of-degree-4: the massive golden Dirac operator is NOT over K.
[INFO] F8 root (2): the sigma-adjoint carries no phase conjugation: sigma fixes e^(i a) [True] (no phase flip) -> off the physical locus the sigma-pairing is a BILINEAR form (scales e^(2i a)), not a conserved charge. ON the tau-locus sigma=tau and tau flips e^(i a)->e^(-i a) [True].
[INFO] F8 root (3): U(1) is broken on the locus too (Majorana-like): e^(i a)*(f + i sqrt5 g) has p-part e^(i a) f with Im = f*sin(a) != 0 -> NOT tau-constrained [stays_on_locus=False]. The tau-reality constraint is a MAJORANA condition (sigma-real); such fields carry NO conserved U(1) current -- consistent with the nonzero mass residual above. => the 'conserved pairing' of F8a does not exist for the massive golden field. GATE FAILS.

ESCALATION (§8): conservation FAILS on K2 (gate) -> do not bank downstream; root cause below.

[§4 F8b -- the K4 signature (crux)]

  -- F8b K4 signature on K2 --
[INFO] F8b <u+,u+> at inf1 [K2]: pairing = sqrt(5)*(-2*k**2 - 2*k*sqrt(k**2 + mu**2) + mu**2*(-1 + I))  [COMPLEX (real+imag both nonzero)]; Re=sqrt(5)*(-2*k**2 - 2*k*sqrt(k**2 + mu**2) - mu**2), Im=sqrt(5)*mu**2
[INFO] F8b <u+,u+> at inf2 [K2]: pairing = sqrt(5)*(2*k**2 + 2*k*sqrt(k**2 + mu**2) + mu**2*(1 - I))  [COMPLEX (real+imag both nonzero)]; Re=sqrt(5)*(2*k**2 + 2*k*sqrt(k**2 + mu**2) + mu**2), Im=-sqrt(5)*mu**2
[INFO] F8b <u-,u-> at inf1 [K2]: pairing = sqrt(5)*(-2*k**2 + 2*k*sqrt(k**2 + mu**2) + mu**2*(-1 + I))  [COMPLEX (real+imag both nonzero)]; Re=sqrt(5)*(-2*k**2 + 2*k*sqrt(k**2 + mu**2) - mu**2), Im=sqrt(5)*mu**2
[INFO] F8b <u-,u-> at inf2 [K2]: pairing = sqrt(5)*(2*k**2 - 2*k*sqrt(k**2 + mu**2) + mu**2*(1 - I))  [COMPLEX (real+imag both nonzero)]; Re=sqrt(5)*(2*k**2 - 2*k*sqrt(k**2 + mu**2) + mu**2), Im=-sqrt(5)*mu**2
[INFO] F8b K4 map [K2]: sigma(u+) proportional to u- [False] / to u+ [False] (the frequency-flip claim of C=sigma)

  -- F8b K4 signature on sqrt5*K2 --
[INFO] F8b <u+,u+> at inf1 [sqrt5*K2]: pairing = -10*k**2 - 10*k*sqrt(k**2 + mu**2) - 5*mu**2*(1 - I)  [COMPLEX (real+imag both nonzero)]; Re=-10*k**2 - 10*k*sqrt(k**2 + mu**2) - 5*mu**2, Im=5*mu**2
[INFO] F8b <u+,u+> at inf2 [sqrt5*K2]: pairing = -10*k**2 - 10*k*sqrt(k**2 + mu**2) - 5*mu**2*(1 - I)  [COMPLEX (real+imag both nonzero)]; Re=-10*k**2 - 10*k*sqrt(k**2 + mu**2) - 5*mu**2, Im=5*mu**2
[INFO] F8b <u-,u-> at inf1 [sqrt5*K2]: pairing = -10*k**2 + 10*k*sqrt(k**2 + mu**2) + 5*mu**2*(-1 + I)  [COMPLEX (real+imag both nonzero)]; Re=-10*k**2 + 10*k*sqrt(k**2 + mu**2) - 5*mu**2, Im=5*mu**2
[INFO] F8b <u-,u-> at inf2 [sqrt5*K2]: pairing = -10*k**2 + 10*k*sqrt(k**2 + mu**2) + 5*mu**2*(-1 + I)  [COMPLEX (real+imag both nonzero)]; Re=-10*k**2 + 10*k*sqrt(k**2 + mu**2) - 5*mu**2, Im=5*mu**2
[INFO] F8b K4 map [sqrt5*K2]: sigma(u+) proportional to u- [False] / to u+ [False] (the frequency-flip claim of C=sigma)
[PASS] F8b.5 representative agreement: signature-kind agrees across K2 and sqrt5*K2 at every (mode,place) [True]

[§5 F8c -- ev1-unitarity (K5)]
[PASS] F8c ev1-unitarity (dof count): tau-constraint: 4 real dof at inf1; sigma(psi) determined by them (no new symbols set()); sigma=tau on the physical locus [True] -> inf2 is the CONJUGATE of inf1 data, benign like ordinary Dirac psi-bar~psi-dagger [True] -> K5 does NOT fire

  -- §6 genericity sqrt2/sqrt3 (signature structure) --
     D=2: <u+,u+> = sqrt(2)*(-2*k**2 - 2*k*sqrt(k**2 + mu**2) + mu**2*(-1 + I))  (Re=sqrt(2)*(-2*k**2 - 2*k*sqrt(k**2 + mu**2) - mu**2), Im=sqrt(2)*mu**2)
     D=3: <u+,u+> = sqrt(3)*(-2*k**2 - 2*k*sqrt(k**2 + mu**2) + mu**2*(-1 + I))  (Re=sqrt(3)*(-2*k**2 - 2*k*sqrt(k**2 + mu**2) - mu**2), Im=sqrt(3)*mu**2)
     D=5: <u+,u+> = sqrt(5)*(-2*k**2 - 2*k*sqrt(k**2 + mu**2) + mu**2*(-1 + I))  (Re=sqrt(5)*(-2*k**2 - 2*k*sqrt(k**2 + mu**2) - mu**2), Im=sqrt(5)*mu**2)
[INFO] §6 genericity (signature structure over d): complex (Re<0 kinetic, Im>0 mass) for all d in {2,3,5} [True]; no d-specific sign flip -> real-quadratic-generic (not golden)
[INFO] §6 named tension (RAW, not adjudicated): K2 satisfies 226 §5.2 uniform-eps frontier [False] (False = fails) while F7 reality PASSES -> the pairing form and the conjugation matrix disagree about sigma. Reported raw; Fizz's operator/amplitude resolution deliberately NOT tested (her §7.1, Mr Code off-limits)

  -- F8 VERDICT --
[INFO] F8 VERDICT: GATE FAIL (§3, §8 escalation). The F8a *symmetric* conserved pairing does NOT exist -- TWO independent structural facts: (A) CONSTRUCTION (not just the axiom): conservation of (sigma psi1)^T K2 Gs psi2 fails for K2 AND A0, for sigma-even AND sigma-odd mass, on general fields AND on the physical tau-locus with an IN-field sigma-even mass -- because the sigma-adjoint fixes the phase and the tau-reality constraint is a MAJORANA (sigma-real) condition, so U(1) is broken and a sigma-real field carries no conserved symmetric Dirac charge. (What IS conserved is the ANTISYMMETRIC symplectic form Omega of F7 -- the 'Grassmann-odd shadow' the brief itself names -- not the symmetric pairing K4 asks the sign of.) (B) AXIOM: Cliff's antiparticle axiom (M^2 sigma-even) + the golden dispersion (M^2=m^2 s^2/sqrt5) force m=5^(1/4)mu NOT in K -> the massive operator leaves the field (a second, separate obstruction). DOWNSTREAM (provisional, not banked): F8b signature COMPLEX at both places (symptom of B), no clean opposite-definite pair -> K4 does NOT cleanly PASS; F8b.5 reps agree in kind; F8c K5 benign on locus. Named tension (K2 fails 226 §5.2 frontier) carried RAW; Fizz's operator/amplitude resolution NOT tested.

========================================================================
F8: conservation gate = FAIL (escalate); K4 signature = COMPLEX (no clean PASS); K5 benign(on locus) = True
ESCALATION: the sigma-odd mass axiom + the golden dispersion force m NOT in K, and the
sigma-real (Majorana) structure carries no conserved U(1) charge. Hand to Cliff/Tor/Fizz/Mr A.
========================================================================
